Sun 25 Sep 2022 01:28:49 AM UTC: 
 tests:  1|8
total_score: 0/70
5c11219
Sun 25 Sep 2022 03:35:32 AM UTC: 
 treemap.c | 7 +++++--
 1 file changed, 5 insertions(+), 2 deletions(-)
 tests:  4|7
total_score: 5/70
02e83cb
Sun 25 Sep 2022 03:50:30 AM UTC: 
 treemap.c | 14 ++++++++++++--
 1 file changed, 12 insertions(+), 2 deletions(-)
In file included from test.c:4:
treemap.c: In function ‘insertTreeMap’:
treemap.c:50:20: error: ‘return’ with a value, in function returning void [-Werror=return-type]
   50 |   if(!tree) return NULL;
      |                    ^~~~
treemap.c:49:6: note: declared here
   49 | void insertTreeMap(TreeMap * tree, void* key, void * value) {
      |      ^~~~~~~~~~~~~
treemap.c:53:31: error: ‘TreeNode’ has no member named ‘key’
   53 |   if(is_equal(tree, tree->root->key, key) == 1) {
      |                               ^~
treemap.c:55:25: error: ‘TreeNode’ has no member named ‘value’
   55 |     return tree->current->value;
      |                         ^~
treemap.c:55:12: error: ‘return’ with a value, in function returning void [-Werror=return-type]
   55 |     return tree->current->value;
      |            ^~~~
treemap.c:49:6: note: declared here
   49 | void insertTreeMap(TreeMap * tree, void* key, void * value) {
      |      ^~~~~~~~~~~~~
treemap.c:56:13: error: implicit declaration of function ‘lower_than_int’ [-Werror=implicit-function-declaration]
   56 |   } else if(lower_than_int(tree->root->key, key) == 1) {
      |             ^~~~~~~~~~~~~~
treemap.c:56:38: error: ‘TreeNode’ has no member named ‘key’
   56 |   } else if(lower_than_int(tree->root->key, key) == 1) {
      |                                      ^~
cc1: all warnings being treated as errors
Compilation failed
8670e4f
Sun 25 Sep 2022 03:50:47 AM UTC: 
 treemap.c | 2 +-
 1 file changed, 1 insertion(+), 1 deletion(-)
In file included from test.c:4:
treemap.c: In function ‘insertTreeMap’:
treemap.c:50:20: error: ‘return’ with a value, in function returning void [-Werror=return-type]
   50 |   if(!tree) return NULL;
      |                    ^~~~
treemap.c:49:6: note: declared here
   49 | void insertTreeMap(TreeMap * tree, void* key, void * value) {
      |      ^~~~~~~~~~~~~
treemap.c:53:31: error: ‘TreeNode’ has no member named ‘key’
   53 |   if(is_equal(tree, tree->root->key, key) == 1) {
      |                               ^~
treemap.c:55:25: error: ‘TreeNode’ has no member named ‘value’
   55 |     return tree->current->value;
      |                         ^~
treemap.c:55:12: error: ‘return’ with a value, in function returning void [-Werror=return-type]
   55 |     return tree->current->value;
      |            ^~~~
treemap.c:49:6: note: declared here
   49 | void insertTreeMap(TreeMap * tree, void* key, void * value) {
      |      ^~~~~~~~~~~~~
treemap.c:56:13: error: implicit declaration of function ‘lower_than’ [-Werror=implicit-function-declaration]
   56 |   } else if(lower_than(tree->root->key, key) == 1) {
      |             ^~~~~~~~~~
treemap.c:56:34: error: ‘TreeNode’ has no member named ‘key’
   56 |   } else if(lower_than(tree->root->key, key) == 1) {
      |                                  ^~
cc1: all warnings being treated as errors
Compilation failed
a859914
Sun 25 Sep 2022 03:51:02 AM UTC: 
 treemap.c | 2 +-
 1 file changed, 1 insertion(+), 1 deletion(-)
In file included from test.c:4:
treemap.c: In function ‘insertTreeMap’:
treemap.c:50:20: error: ‘return’ with a value, in function returning void [-Werror=return-type]
   50 |   if(!tree) return NULL;
      |                    ^~~~
treemap.c:49:6: note: declared here
   49 | void insertTreeMap(TreeMap * tree, void* key, void * value) {
      |      ^~~~~~~~~~~~~
treemap.c:53:31: error: ‘TreeNode’ has no member named ‘key’
   53 |   if(is_equal(tree, tree->root->key, key) == 1) {
      |                               ^~
treemap.c:55:22: error: ‘TreeNode’ has no member named ‘value’
   55 |     return tree->root->value;
      |                      ^~
treemap.c:55:12: error: ‘return’ with a value, in function returning void [-Werror=return-type]
   55 |     return tree->root->value;
      |            ^~~~
treemap.c:49:6: note: declared here
   49 | void insertTreeMap(TreeMap * tree, void* key, void * value) {
      |      ^~~~~~~~~~~~~
treemap.c:56:13: error: implicit declaration of function ‘lower_than’ [-Werror=implicit-function-declaration]
   56 |   } else if(lower_than(tree->root->key, key) == 1) {
      |             ^~~~~~~~~~
treemap.c:56:34: error: ‘TreeNode’ has no member named ‘key’
   56 |   } else if(lower_than(tree->root->key, key) == 1) {
      |                                  ^~
cc1: all warnings being treated as errors
Compilation failed
4487d8c
Sun 25 Sep 2022 03:51:33 AM UTC: 
 treemap.c | 2 +-
 1 file changed, 1 insertion(+), 1 deletion(-)
In file included from test.c:4:
treemap.c: In function ‘insertTreeMap’:
treemap.c:50:20: error: ‘return’ with a value, in function returning void [-Werror=return-type]
   50 |   if(!tree) return NULL;
      |                    ^~~~
treemap.c:49:6: note: declared here
   49 | void insertTreeMap(TreeMap * tree, void* key, void * value) {
      |      ^~~~~~~~~~~~~
treemap.c:53:31: error: ‘TreeNode’ has no member named ‘key’
   53 |   if(is_equal(tree, tree->root->key, key) == 1) {
      |                               ^~
treemap.c:55:16: error: ‘return’ with a value, in function returning void [-Werror=return-type]
   55 |     return tree->current;
      |            ~~~~^~~~~~~~~
treemap.c:49:6: note: declared here
   49 | void insertTreeMap(TreeMap * tree, void* key, void * value) {
      |      ^~~~~~~~~~~~~
treemap.c:56:13: error: implicit declaration of function ‘lower_than’ [-Werror=implicit-function-declaration]
   56 |   } else if(lower_than(tree->root->key, key) == 1) {
      |             ^~~~~~~~~~
treemap.c:56:34: error: ‘TreeNode’ has no member named ‘key’
   56 |   } else if(lower_than(tree->root->key, key) == 1) {
      |                                  ^~
cc1: all warnings being treated as errors
Compilation failed
d6cd5c4
Sun 25 Sep 2022 03:51:45 AM UTC: 
 treemap.c | 1 -
 1 file changed, 1 deletion(-)
In file included from test.c:4:
treemap.c: In function ‘insertTreeMap’:
treemap.c:50:20: error: ‘return’ with a value, in function returning void [-Werror=return-type]
   50 |   if(!tree) return NULL;
      |                    ^~~~
treemap.c:49:6: note: declared here
   49 | void insertTreeMap(TreeMap * tree, void* key, void * value) {
      |      ^~~~~~~~~~~~~
treemap.c:53:31: error: ‘TreeNode’ has no member named ‘key’
   53 |   if(is_equal(tree, tree->root->key, key) == 1) {
      |                               ^~
treemap.c:55:13: error: implicit declaration of function ‘lower_than’ [-Werror=implicit-function-declaration]
   55 |   } else if(lower_than(tree->root->key, key) == 1) {
      |             ^~~~~~~~~~
treemap.c:55:34: error: ‘TreeNode’ has no member named ‘key’
   55 |   } else if(lower_than(tree->root->key, key) == 1) {
      |                                  ^~
cc1: all warnings being treated as errors
Compilation failed
d10fd89
Sun 25 Sep 2022 03:51:55 AM UTC: 
 treemap.c | 2 +-
 1 file changed, 1 insertion(+), 1 deletion(-)
In file included from test.c:4:
treemap.c: In function ‘insertTreeMap’:
treemap.c:50:20: error: ‘return’ with a value, in function returning void [-Werror=return-type]
   50 |   if(!tree) return NULL;
      |                    ^~~~
treemap.c:49:6: note: declared here
   49 | void insertTreeMap(TreeMap * tree, void* key, void * value) {
      |      ^~~~~~~~~~~~~
treemap.c:53:31: error: ‘TreeNode’ has no member named ‘key’
   53 |   if(is_equal(tree, tree->root->key, key) == 1) {
      |                               ^~
treemap.c:55:13: error: implicit declaration of function ‘lower_than_int’ [-Werror=implicit-function-declaration]
   55 |   } else if(lower_than_int(tree->root->key, key) == 1) {
      |             ^~~~~~~~~~~~~~
treemap.c:55:38: error: ‘TreeNode’ has no member named ‘key’
   55 |   } else if(lower_than_int(tree->root->key, key) == 1) {
      |                                      ^~
cc1: all warnings being treated as errors
Compilation failed
34f0675
Sun 25 Sep 2022 03:53:07 AM UTC: 
 treemap.c | 4 ++--
 1 file changed, 2 insertions(+), 2 deletions(-)
In file included from test.c:4:
treemap.c: In function ‘insertTreeMap’:
treemap.c:50:20: error: ‘return’ with a value, in function returning void [-Werror=return-type]
   50 |   if(!tree) return NULL;
      |                    ^~~~
treemap.c:49:6: note: declared here
   49 | void insertTreeMap(TreeMap * tree, void* key, void * value) {
      |      ^~~~~~~~~~~~~
treemap.c:55:13: error: implicit declaration of function ‘lower_than_int’ [-Werror=implicit-function-declaration]
   55 |   } else if(lower_than_int(tree->root->pair->key, key) == 1) {
      |             ^~~~~~~~~~~~~~
cc1: all warnings being treated as errors
Compilation failed
8415b09
Sun 25 Sep 2022 03:56:45 AM UTC: 
 treemap.c | 22 +++++++++++-----------
 1 file changed, 11 insertions(+), 11 deletions(-)
In file included from test.c:4:
treemap.c:86:1: error: expected identifier or ‘(’ before ‘}’ token
   86 | }
      | ^
treemap.c: In function ‘searchTreeMap’:
treemap.c:85:1: error: control reaches end of non-void function [-Werror=return-type]
   85 | }
      | ^
cc1: all warnings being treated as errors
Compilation failed
d95204e
Sun 25 Sep 2022 03:57:01 AM UTC: 
 treemap.c | 1 -
 1 file changed, 1 deletion(-)
In file included from test.c:4:
treemap.c: In function ‘searchTreeMap’:
treemap.c:85:1: error: control reaches end of non-void function [-Werror=return-type]
   85 | }
      | ^
cc1: all warnings being treated as errors
Compilation failed
1707967
Sun 25 Sep 2022 04:16:17 AM UTC: 
 treemap.c | 24 +++++++++++++++++++++---
 1 file changed, 21 insertions(+), 3 deletions(-)
In file included from test.c:4:
treemap.c: In function ‘insertTreeMap’:
treemap.c:53:14: error: unused variable ‘parent’ [-Werror=unused-variable]
   53 |   TreeNode * parent = NULL;
      |              ^~~~~~
cc1: all warnings being treated as errors
Compilation failed
995bac1
Sun 25 Sep 2022 04:16:26 AM UTC: 
 treemap.c | 2 +-
 1 file changed, 1 insertion(+), 1 deletion(-)
 tests:  0|0
e142e12
Sun 25 Sep 2022 04:17:38 AM UTC: 
 treemap.c | 8 ++++----
 1 file changed, 4 insertions(+), 4 deletions(-)
In file included from test.c:4:
treemap.c: In function ‘searchTreeMap’:
treemap.c:95:19: error: initialization of ‘TreeMap *’ from incompatible pointer type ‘Pair *’ [-Werror=incompatible-pointer-types]
   95 |   TreeMap * aux = tree->current->pair;
      |                   ^~~~
treemap.c:96:24: error: ‘TreeMap’ has no member named ‘key’
   96 |   if(is_equal(tree, aux->key, key) == 1) {
      |                        ^~
treemap.c:98:33: error: ‘TreeMap’ has no member named ‘key’
   98 |   } else if(tree->lower_than(aux->key, key) == 1) {
      |                                 ^~
treemap.c:103:10: error: returning ‘TreeMap *’ from a function with incompatible return type ‘Pair *’ [-Werror=incompatible-pointer-types]
  103 |   return aux;
      |          ^~~
cc1: all warnings being treated as errors
Compilation failed
729367d
Sun 25 Sep 2022 04:18:52 AM UTC: 
 treemap.c | 8 ++++----
 1 file changed, 4 insertions(+), 4 deletions(-)
In file included from test.c:4:
treemap.c: In function ‘searchTreeMap’:
treemap.c:95:19: error: initialization of ‘TreeMap *’ from incompatible pointer type ‘TreeNode *’ [-Werror=incompatible-pointer-types]
   95 |   TreeMap * aux = tree->current;
      |                   ^~~~
treemap.c:96:24: error: ‘TreeMap’ has no member named ‘pair’
   96 |   if(is_equal(tree, aux->pair->key, key) == 1) {
      |                        ^~
treemap.c:98:33: error: ‘TreeMap’ has no member named ‘pair’
   98 |   } else if(tree->lower_than(aux->pair->key, key) == 1) {
      |                                 ^~
treemap.c:103:13: error: ‘TreeMap’ has no member named ‘pair’
  103 |   return aux->pair;
      |             ^~
treemap.c:104:1: error: control reaches end of non-void function [-Werror=return-type]
  104 | }
      | ^
cc1: all warnings being treated as errors
Compilation failed
21e1195
Sun 25 Sep 2022 04:19:41 AM UTC: 
 treemap.c | 7 +++----
 1 file changed, 3 insertions(+), 4 deletions(-)
 tests:  0|0
58f209a
Sun 25 Sep 2022 04:20:31 AM UTC: 
 treemap.c | 1 +
 1 file changed, 1 insertion(+)
 tests:  8|7
total_score: 5/70
be59fe1
Sun 25 Sep 2022 04:25:01 AM UTC: 
 treemap.c | 8 +++++++-
 1 file changed, 7 insertions(+), 1 deletion(-)
In file included from test.c:4:
treemap.c: In function ‘insertTreeMap’:
treemap.c:58:40: error: ‘TreeNode’ has no member named ‘key’
   58 |   } else if(tree->lower_than(tree->root->key, node->key) == 1) {
      |                                        ^~
treemap.c:58:51: error: ‘TreeNode’ has no member named ‘key’
   58 |   } else if(tree->lower_than(tree->root->key, node->key) == 1) {
      |                                                   ^~
Compilation failed
1ac836e
Sun 25 Sep 2022 04:25:31 AM UTC: 
 treemap.c | 2 +-
 1 file changed, 1 insertion(+), 1 deletion(-)
In file included from test.c:4:
treemap.c: In function ‘insertTreeMap’:
treemap.c:58:40: error: ‘TreeNode’ has no member named ‘key’
   58 |   } else if(tree->lower_than(tree->root->key, node->pair->key) == 1) {
      |                                        ^~
Compilation failed
aec85e1
Sun 25 Sep 2022 04:25:47 AM UTC: 
 treemap.c | 2 +-
 1 file changed, 1 insertion(+), 1 deletion(-)
 tests:  8|7
total_score: 5/70
857ce7a
Sun 25 Sep 2022 04:26:25 AM UTC: 
 treemap.c | 16 ++++++++--------
 1 file changed, 8 insertions(+), 8 deletions(-)
 tests:  8|7
total_score: 5/70
d27fd5c
Sun 25 Sep 2022 04:27:28 AM UTC: 
 treemap.c | 6 +++---
 1 file changed, 3 insertions(+), 3 deletions(-)
In file included from test.c:4:
treemap.c: In function ‘insertTreeMap’:
treemap.c:52:20: error: initialization of ‘TreeNode *’ from incompatible pointer type ‘Pair *’ [-Werror=incompatible-pointer-types]
   52 |   TreeNode * aux = tree->root->pair;
      |                    ^~~~
treemap.c:56:26: error: ‘TreeNode’ has no member named ‘key’
   56 |   if(tree->lower_than(aux->key, key) == 1) {
      |                          ^~
treemap.c:58:38: error: ‘TreeNode’ has no member named ‘key’
   58 |   } else if(tree->lower_than(key, aux->key) == 1) {
      |                                      ^~
cc1: all warnings being treated as errors
Compilation failed
b4c3c42
Sun 25 Sep 2022 04:27:55 AM UTC: 
 treemap.c | 6 +++---
 1 file changed, 3 insertions(+), 3 deletions(-)
 tests:  8|7
total_score: 5/70
5074d67
Sun 25 Sep 2022 04:30:15 AM UTC: 
 treemap.c | 16 ++++++++--------
 1 file changed, 8 insertions(+), 8 deletions(-)
 tests:  7|7
total_score: 5/70
2ce1f73
Sun 25 Sep 2022 04:30:41 AM UTC: 
 treemap.c | 4 ++--
 1 file changed, 2 insertions(+), 2 deletions(-)
 tests:  7|7
total_score: 5/70
6d9e2d8
Sun 25 Sep 2022 04:31:01 AM UTC: 
 treemap.c | 4 ++--
 1 file changed, 2 insertions(+), 2 deletions(-)
 tests:  8|7
total_score: 5/70
12b8f45
Sun 25 Sep 2022 04:31:17 AM UTC: 
 treemap.c | 6 +++---
 1 file changed, 3 insertions(+), 3 deletions(-)
 tests:  7|7
total_score: 5/70
2621cfa
Sun 25 Sep 2022 04:31:30 AM UTC: 
 treemap.c | 2 +-
 1 file changed, 1 insertion(+), 1 deletion(-)
 tests:  7|7
total_score: 5/70
4fae644
Sun 25 Sep 2022 04:32:21 AM UTC: 
 treemap.c | 8 +++++---
 1 file changed, 5 insertions(+), 3 deletions(-)
 tests:  7|7
total_score: 5/70
2fae25a
Sun 25 Sep 2022 04:32:36 AM UTC: 
 treemap.c | 4 +---
 1 file changed, 1 insertion(+), 3 deletions(-)
 tests:  7|7
total_score: 5/70
eb7a155
Sun 25 Sep 2022 04:32:54 AM UTC: 
 treemap.c | 2 +-
 1 file changed, 1 insertion(+), 1 deletion(-)
 tests:  7|7
total_score: 5/70
9aae5f1
Sun 25 Sep 2022 04:33:56 AM UTC: 
 treemap.c | 3 ++-
 1 file changed, 2 insertions(+), 1 deletion(-)
In file included from test.c:4:
treemap.c: In function ‘insertTreeMap’:
treemap.c:56:3: error: ‘parent’ undeclared (first use in this function)
   56 |   parent = aux;
      |   ^~~~~~
treemap.c:56:3: note: each undeclared identifier is reported only once for each function it appears in
Compilation failed
b57cf04
Sun 25 Sep 2022 04:34:04 AM UTC: 
 treemap.c | 2 +-
 1 file changed, 1 insertion(+), 1 deletion(-)
 tests:  7|7
total_score: 5/70
e6eb20a
Sun 25 Sep 2022 04:35:47 AM UTC: 
 treemap.c | 10 +++++-----
 1 file changed, 5 insertions(+), 5 deletions(-)
 tests:  8|7
total_score: 5/70
f3fd99a
Sun 25 Sep 2022 04:36:34 AM UTC: 
 treemap.c | 4 +++-
 1 file changed, 3 insertions(+), 1 deletion(-)
 tests:  8|7
total_score: 5/70
a1a9403
Sun 25 Sep 2022 04:42:58 AM UTC: 
 treemap.c | 18 ++++++++++--------
 1 file changed, 10 insertions(+), 8 deletions(-)
In file included from test.c:4:
treemap.c: In function ‘searchTreeMap’:
treemap.c:112:5: error: break statement not within loop or switch
  112 |     break;
      |     ^~~~~
Compilation failed
7843853
Sun 25 Sep 2022 04:43:05 AM UTC: 
 treemap.c | 2 +-
 1 file changed, 1 insertion(+), 1 deletion(-)
In file included from test.c:4:
treemap.c: In function ‘searchTreeMap’:
treemap.c:112:5: error: ‘return’ with no value, in function returning non-void [-Werror=return-type]
  112 |     return;
      |     ^~~~~~
treemap.c:101:8: note: declared here
  101 | Pair * searchTreeMap(TreeMap * tree, void* key) {
      |        ^~~~~~~~~~~~~
cc1: all warnings being treated as errors
Compilation failed
fe6d732
Sun 25 Sep 2022 04:43:52 AM UTC: 
 treemap.c | 2 +-
 1 file changed, 1 insertion(+), 1 deletion(-)
 tests:  4|7
total_score: 5/70
02df0e1
Sun 25 Sep 2022 04:44:39 AM UTC: 
 treemap.c | 4 +---
 1 file changed, 1 insertion(+), 3 deletions(-)
In file included from test.c:4:
treemap.c: In function ‘searchTreeMap’:
treemap.c:111:10: error: break statement not within loop or switch
  111 |   } else break;
      |          ^~~~~
Compilation failed
c141718
Sun 25 Sep 2022 04:45:08 AM UTC: 
 treemap.c | 8 +++++++-
 1 file changed, 7 insertions(+), 1 deletion(-)
 tests:  4|7
total_score: 5/70
2cf2c29
Sun 25 Sep 2022 04:51:33 AM UTC: 
 treemap.c | 32 +++++++-------------------------
 1 file changed, 7 insertions(+), 25 deletions(-)
 tests:  4|7
total_score: 5/70
367928d
Sun 25 Sep 2022 04:52:40 AM UTC: 
 treemap.c | 3 ++-
 1 file changed, 2 insertions(+), 1 deletion(-)
In file included from test.c:4:
treemap.c: In function ‘insertTreeMap’:
treemap.c:50:33: error: expected ‘)’ before ‘{’ token
   50 |   while(searchTreeMap(tree, key){
      |        ~                        ^
      |                                 )
treemap.c:63:1: error: expected expression before ‘}’ token
   63 | }
      | ^
Compilation failed
0222c9c
Sun 25 Sep 2022 04:53:05 AM UTC: 
 treemap.c | 3 +--
 1 file changed, 1 insertion(+), 2 deletions(-)
 tests:  0|0
b9a141e
Sun 25 Sep 2022 04:53:43 AM UTC: 
 treemap.c | 3 +--
 1 file changed, 1 insertion(+), 2 deletions(-)
 tests:  4|7
total_score: 5/70
fc51792
Sun 25 Sep 2022 04:53:53 AM UTC: 
 treemap.c | 2 +-
 1 file changed, 1 insertion(+), 1 deletion(-)
 tests:  4|7
total_score: 5/70
b0b842a
Sun 25 Sep 2022 04:54:52 AM UTC: 
 treemap.c | 2 +-
 1 file changed, 1 insertion(+), 1 deletion(-)
 tests:  4|7
total_score: 5/70
a5046e5
Sun 25 Sep 2022 04:56:35 AM UTC: 
 treemap.c | 4 ++--
 1 file changed, 2 insertions(+), 2 deletions(-)
In file included from test.c:4:
treemap.c: In function ‘searchTreeMap’:
treemap.c:85:29: error: expected ‘;’ before ‘TreeNode’
   85 |   tree->current = tree->root
      |                             ^
      |                             ;
   86 |   TreeNode * aux = tree->current;
      |   ~~~~~~~~                   
treemap.c:88:23: error: ‘aux’ undeclared (first use in this function)
   88 |   if(tree->lower_than(aux->pair->key, key)) {
      |                       ^~~
treemap.c:88:23: note: each undeclared identifier is reported only once for each function it appears in
treemap.c:97:1: error: control reaches end of non-void function [-Werror=return-type]
   97 | }
      | ^
cc1: all warnings being treated as errors
Compilation failed
974957a
Sun 25 Sep 2022 04:56:42 AM UTC: 
 treemap.c | 2 +-
 1 file changed, 1 insertion(+), 1 deletion(-)
 tests:  4|7
total_score: 5/70
3d430cf
Sun 25 Sep 2022 04:57:52 AM UTC: 
 treemap.c | 4 ++--
 1 file changed, 2 insertions(+), 2 deletions(-)
 tests:  4|7
total_score: 5/70
b246b91
Sun 25 Sep 2022 05:01:56 AM UTC: 
 treemap.c | 13 +++++++------
 1 file changed, 7 insertions(+), 6 deletions(-)
In file included from test.c:4:
treemap.c: In function ‘insertTreeMap’:
treemap.c:50:20: error: initialization of ‘TreeNode *’ from incompatible pointer type ‘Pair *’ [-Werror=incompatible-pointer-types]
   50 |   TreeNode * aux = searchTreeMap(tree, key);
      |                    ^~~~~~~~~~~~~
treemap.c:56:26: error: ‘TreeNode’ has no member named ‘key’
   56 |   if(tree->lower_than(aux->key, key)) {
      |                          ^~
treemap.c:58:38: error: ‘TreeNode’ has no member named ‘key’
   58 |   } else if(tree->lower_than(key, aux->key)) {
      |                                      ^~
cc1: all warnings being treated as errors
Compilation failed
9e6dc12
Sun 25 Sep 2022 05:02:08 AM UTC: 
 treemap.c | 2 +-
 1 file changed, 1 insertion(+), 1 deletion(-)
In file included from test.c:4:
treemap.c: In function ‘insertTreeMap’:
treemap.c:50:19: error: initialization of ‘TreeMap *’ from incompatible pointer type ‘Pair *’ [-Werror=incompatible-pointer-types]
   50 |   TreeMap * aux = searchTreeMap(tree, key);
      |                   ^~~~~~~~~~~~~
treemap.c:55:16: error: assignment to ‘TreeNode *’ from incompatible pointer type ‘TreeMap *’ [-Werror=incompatible-pointer-types]
   55 |   node->parent = aux;
      |                ^
treemap.c:56:26: error: ‘TreeMap’ has no member named ‘key’
   56 |   if(tree->lower_than(aux->key, key)) {
      |                          ^~
treemap.c:58:38: error: ‘TreeMap’ has no member named ‘key’
   58 |   } else if(tree->lower_than(key, aux->key)) {
      |                                      ^~
cc1: all warnings being treated as errors
Compilation failed
ada6272
Sun 25 Sep 2022 05:02:16 AM UTC: 
 treemap.c | 2 +-
 1 file changed, 1 insertion(+), 1 deletion(-)
In file included from test.c:4:
treemap.c: In function ‘insertTreeMap’:
treemap.c:50:20: error: initialization of ‘TreeNode *’ from incompatible pointer type ‘Pair *’ [-Werror=incompatible-pointer-types]
   50 |   TreeNode * aux = searchTreeMap(tree, key);
      |                    ^~~~~~~~~~~~~
treemap.c:56:26: error: ‘TreeNode’ has no member named ‘key’
   56 |   if(tree->lower_than(aux->key, key)) {
      |                          ^~
treemap.c:58:38: error: ‘TreeNode’ has no member named ‘key’
   58 |   } else if(tree->lower_than(key, aux->key)) {
      |                                      ^~
cc1: all warnings being treated as errors
Compilation failed
b4125b2
Sun 25 Sep 2022 05:05:09 AM UTC: 
 treemap.c | 11 +----------
 1 file changed, 1 insertion(+), 10 deletions(-)
In file included from test.c:4:
treemap.c: In function ‘insertTreeMap’:
treemap.c:50:14: error: unused variable ‘aux’ [-Werror=unused-variable]
   50 |   TreeNode * aux = tree->root;
      |              ^~~
cc1: all warnings being treated as errors
Compilation failed
93812bf
Sun 25 Sep 2022 05:05:19 AM UTC: 
 treemap.c | 2 +-
 1 file changed, 1 insertion(+), 1 deletion(-)
 tests:  4|7
total_score: 5/70
e9c4115
Sun 25 Sep 2022 05:54:57 AM UTC: 
 treemap.c | 42 ++++++++++++++++++++++++++++++++++--------
 1 file changed, 34 insertions(+), 8 deletions(-)
 tests:  8|5
total_score: 10/70
c78468b
Sun 25 Sep 2022 05:57:20 AM UTC: 
 treemap.c | 6 +++---
 1 file changed, 3 insertions(+), 3 deletions(-)
 tests:  8|5
total_score: 10/70
09f9c4c
Sun 25 Sep 2022 05:57:53 AM UTC: 
 treemap.c | 16 ++++++++++++++--
 1 file changed, 14 insertions(+), 2 deletions(-)
 tests:  15|4
total_score: 20/70
f93d561
Sun 25 Sep 2022 05:59:51 AM UTC: 
 treemap.c | 16 ++--------------
 1 file changed, 2 insertions(+), 14 deletions(-)
 tests:  8|5
total_score: 10/70
6c3ae9d
Sun 25 Sep 2022 06:01:08 AM UTC: 
 treemap.c | 4 ++--
 1 file changed, 2 insertions(+), 2 deletions(-)
In file included from test.c:4:
treemap.c: In function ‘searchTreeMap’:
treemap.c:112:1: error: control reaches end of non-void function [-Werror=return-type]
  112 | }
      | ^
cc1: all warnings being treated as errors
Compilation failed
62ba2b0
Sun 25 Sep 2022 06:04:37 AM UTC: 
 treemap.c | 12 +++++-------
 1 file changed, 5 insertions(+), 7 deletions(-)
 tests:  10|5
total_score: 10/70
f03634a
Sun 25 Sep 2022 06:06:02 AM UTC: 
 treemap.c | 7 ++++---
 1 file changed, 4 insertions(+), 3 deletions(-)
 tests:  10|5
total_score: 10/70
bfa2575
Sun 25 Sep 2022 06:06:13 AM UTC: 
 treemap.c | 2 +-
 1 file changed, 1 insertion(+), 1 deletion(-)
 tests:  0|0
b39a080
Sun 25 Sep 2022 06:07:27 AM UTC: 
 treemap.c | 8 ++++----
 1 file changed, 4 insertions(+), 4 deletions(-)
In file included from test.c:4:
treemap.c: In function ‘searchTreeMap’:
treemap.c:101:3: error: expected ‘,’ or ‘;’ before ‘while’
  101 |   while(aux) {
      |   ^~~~~
treemap.c:99:14: error: unused variable ‘aux’ [-Werror=unused-variable]
   99 |   TreeNode * aux = tree->current
      |              ^~~
cc1: all warnings being treated as errors
Compilation failed
ec7d674
Sun 25 Sep 2022 06:08:32 AM UTC: 
 treemap.c | 6 +++---
 1 file changed, 3 insertions(+), 3 deletions(-)
 tests:  11|5
total_score: 10/70
7b47de4
Sun 25 Sep 2022 06:09:53 AM UTC: 
 treemap.c | 11 +++++------
 1 file changed, 5 insertions(+), 6 deletions(-)
 tests:  15|4
total_score: 20/70
de6daf1
Sun 25 Sep 2022 06:11:14 AM UTC: 
 treemap.c | 4 ++--
 1 file changed, 2 insertions(+), 2 deletions(-)
 tests:  15|4
total_score: 20/70
d1cf0ba
Sun 25 Sep 2022 06:17:20 AM UTC: 
 treemap.c | 22 +++++++++++++++++++++-
 1 file changed, 21 insertions(+), 1 deletion(-)
In file included from test.c:4:
treemap.c: In function ‘nextTreeMap’:
treemap.c:129:12: error: expected ‘(’ before ‘!’ token
  129 |   } else if!(aux->right) {
      |            ^
      |            (
treemap.c:129:12: error: statement with no effect [-Werror=unused-value]
  129 |   } else if!(aux->right) {
      |            ^~~~~~~~~~~~~
treemap.c:125:13: error: unused variable ‘parentNode’ [-Werror=unused-variable]
  125 |   TreeNode *parentNode = aux->parent;
      |             ^~~~~~~~~~
treemap.c:143:1: error: control reaches end of non-void function [-Werror=return-type]
  143 | }
      | ^
cc1: all warnings being treated as errors
Compilation failed
96d0052
Sun 25 Sep 2022 06:17:31 AM UTC: 
 treemap.c | 2 +-
 1 file changed, 1 insertion(+), 1 deletion(-)
 tests:  20|3
total_score: 35/70
4d9507f
Sun 25 Sep 2022 06:17:42 AM UTC: 
 treemap.c | 2 +-
 1 file changed, 1 insertion(+), 1 deletion(-)
 tests:  15|4
total_score: 20/70
2c8f0fb
Sun 25 Sep 2022 06:17:55 AM UTC: 
 treemap.c | 2 +-
 1 file changed, 1 insertion(+), 1 deletion(-)
 tests:  20|3
total_score: 35/70
8712f9e
Sun 25 Sep 2022 06:19:34 AM UTC: 
 treemap.c | 6 +++---
 1 file changed, 3 insertions(+), 3 deletions(-)
 tests:  20|3
total_score: 35/70
4164e84
Sun 25 Sep 2022 06:20:03 AM UTC: 
 treemap.c | 4 +---
 1 file changed, 1 insertion(+), 3 deletions(-)
 tests:  20|3
total_score: 35/70
8599263
Sun 25 Sep 2022 06:21:19 AM UTC: 
 treemap.c | 3 ++-
 1 file changed, 2 insertions(+), 1 deletion(-)
 tests:  16|4
total_score: 25/70
6388ce2
Sun 25 Sep 2022 06:21:36 AM UTC: 
 treemap.c | 2 +-
 1 file changed, 1 insertion(+), 1 deletion(-)
 tests:  0|0
9276477
Sun 25 Sep 2022 06:22:01 AM UTC: 
 treemap.c | 3 +--
 1 file changed, 1 insertion(+), 2 deletions(-)
 tests:  20|3
total_score: 35/70
d40b01a
Sun 25 Sep 2022 06:24:41 AM UTC: 
 treemap.c | 1 +
 1 file changed, 1 insertion(+)
 tests:  20|3
total_score: 35/70
8da8ffe
Sun 25 Sep 2022 06:26:56 AM UTC: 
 treemap.c | 4 ++--
 1 file changed, 2 insertions(+), 2 deletions(-)
 tests:  20|3
total_score: 35/70
918d3ef
Sun 25 Sep 2022 06:27:46 AM UTC: 
 treemap.c | 6 +++---
 1 file changed, 3 insertions(+), 3 deletions(-)
 tests:  20|3
total_score: 35/70
c35c780
Sun 25 Sep 2022 06:33:01 AM UTC: 
 treemap.c | 3 ++-
 1 file changed, 2 insertions(+), 1 deletion(-)
 tests:  20|3
total_score: 35/70
9eaa4ba
Sun 25 Sep 2022 06:48:01 AM UTC: 
 treemap.c | 49 ++++++++++++++++++-------------------------------
 1 file changed, 18 insertions(+), 31 deletions(-)
 tests:  0|0
7298195
Sun 25 Sep 2022 06:48:44 AM UTC: 
 treemap.c | 2 +-
 1 file changed, 1 insertion(+), 1 deletion(-)
 tests:  0|0
6536f4c
Sun 25 Sep 2022 06:49:00 AM UTC: 
 treemap.c | 2 +-
 1 file changed, 1 insertion(+), 1 deletion(-)
 tests:  0|0
13ff869
Sun 25 Sep 2022 06:50:10 AM UTC: 
 treemap.c | 20 +++++++++-----------
 1 file changed, 9 insertions(+), 11 deletions(-)
 tests:  22|2
total_score: 45/70
b2a6d43
Sun 25 Sep 2022 06:50:33 AM UTC: 
 treemap.c | 14 --------------
 1 file changed, 14 deletions(-)
 tests:  20|3
total_score: 35/70
e47b874
Mon 26 Sep 2022 12:49:15 AM UTC: 
 treemap.c | 17 ++++++++++++++++-
 1 file changed, 16 insertions(+), 1 deletion(-)
 tests:  0|0
fafac8e
Mon 26 Sep 2022 12:50:08 AM UTC: 
 treemap.c | 2 +-
 1 file changed, 1 insertion(+), 1 deletion(-)
 tests:  0|0
b05b624
Mon 26 Sep 2022 12:51:06 AM UTC: 
 treemap.c | 4 ++--
 1 file changed, 2 insertions(+), 2 deletions(-)
 tests:  0|0
2ff818f
Mon 26 Sep 2022 12:51:58 AM UTC: 
 treemap.c | 21 +++++++++++----------
 1 file changed, 11 insertions(+), 10 deletions(-)
 tests:  0|0
d5017dc
Mon 26 Sep 2022 12:52:35 AM UTC: 
 treemap.c | 23 +++++++++++------------
 1 file changed, 11 insertions(+), 12 deletions(-)
 tests:  0|0
2d7348c
Mon 26 Sep 2022 12:53:14 AM UTC: 
 treemap.c | 2 +-
 1 file changed, 1 insertion(+), 1 deletion(-)
 tests:  0|0
7f9687e
Mon 26 Sep 2022 12:54:53 AM UTC: 
 treemap.c | 8 ++++----
 1 file changed, 4 insertions(+), 4 deletions(-)
In file included from test.c:4:
treemap.c: In function ‘upperBound’:
treemap.c:100:1: error: control reaches end of non-void function [-Werror=return-type]
  100 | }
      | ^
cc1: all warnings being treated as errors
Compilation failed
3682ca6
Mon 26 Sep 2022 01:05:05 AM UTC: 
 treemap.c | 26 ++++++++++++++++++++++++++
 1 file changed, 26 insertions(+)
In file included from test.c:4:
treemap.c: In function ‘insertTreeMap’:
treemap.c:63:7: error: unused variable ‘resultado’ [-Werror=unused-variable]
   63 |   int resultado = tree->lower_than(key,aux->pair->key);
      |       ^~~~~~~~~
treemap.c: In function ‘upperBound’:
treemap.c:126:1: error: control reaches end of non-void function [-Werror=return-type]
  126 | }
      | ^
cc1: all warnings being treated as errors
Compilation failed
8ed22f0
Mon 26 Sep 2022 01:05:31 AM UTC: 
 treemap.c | 1 -
 1 file changed, 1 deletion(-)
In file included from test.c:4:
treemap.c: In function ‘upperBound’:
treemap.c:125:1: error: control reaches end of non-void function [-Werror=return-type]
  125 | }
      | ^
cc1: all warnings being treated as errors
Compilation failed
88e92d7
Mon 26 Sep 2022 01:06:53 AM UTC: 
 treemap.c | 2 +-
 1 file changed, 1 insertion(+), 1 deletion(-)
In file included from test.c:4:
treemap.c: In function ‘upperBound’:
treemap.c:125:1: error: control reaches end of non-void function [-Werror=return-type]
  125 | }
      | ^
cc1: all warnings being treated as errors
Compilation failed
34fa30f
Mon 26 Sep 2022 01:07:10 AM UTC: 
 treemap.c | 2 +-
 1 file changed, 1 insertion(+), 1 deletion(-)
In file included from test.c:4:
treemap.c: In function ‘upperBound’:
treemap.c:125:1: error: control reaches end of non-void function [-Werror=return-type]
  125 | }
      | ^
cc1: all warnings being treated as errors
Compilation failed
5a35311
Mon 26 Sep 2022 01:07:38 AM UTC: 
 treemap.c | 16 ----------------
 1 file changed, 16 deletions(-)
In file included from test.c:4:
treemap.c: In function ‘upperBound’:
treemap.c:109:1: error: control reaches end of non-void function [-Werror=return-type]
  109 | }
      | ^
cc1: all warnings being treated as errors
Compilation failed
5127f2b
Mon 26 Sep 2022 01:09:12 AM UTC: 
 treemap.c | 1 +
 1 file changed, 1 insertion(+)
In file included from test.c:4:
treemap.c: In function ‘upperBound’:
treemap.c:109:3: error: ‘return’ with no value, in function returning non-void [-Werror=return-type]
  109 |   return;
      |   ^~~~~~
treemap.c:108:8: note: declared here
  108 | Pair * upperBound(TreeMap * tree, void* key) {
      |        ^~~~~~~~~~
cc1: all warnings being treated as errors
Compilation failed
36132fd
Mon 26 Sep 2022 01:09:21 AM UTC: 
 treemap.c | 1 -
 1 file changed, 1 deletion(-)
In file included from test.c:4:
treemap.c: In function ‘upperBound’:
treemap.c:109:1: error: control reaches end of non-void function [-Werror=return-type]
  109 | }
      | ^
cc1: all warnings being treated as errors
Compilation failed
dae1c30
Mon 26 Sep 2022 01:10:40 AM UTC: 
 treemap.c | 3 +--
 1 file changed, 1 insertion(+), 2 deletions(-)
In file included from test.c:4:
treemap.c: In function ‘upperBound’:
treemap.c:108:1: error: control reaches end of non-void function [-Werror=return-type]
  108 | }
      | ^
cc1: all warnings being treated as errors
Compilation failed
41ad71d
Mon 26 Sep 2022 01:11:40 AM UTC: 
 treemap.c | 25 -------------------------
 1 file changed, 25 deletions(-)
In file included from test.c:4:
treemap.c: In function ‘upperBound’:
treemap.c:83:1: error: control reaches end of non-void function [-Werror=return-type]
   83 | }
      | ^
cc1: all warnings being treated as errors
Compilation failed
060dffd
Mon 26 Sep 2022 01:11:57 AM UTC: 
 treemap.c | 21 +++++++++++++++++++++
 1 file changed, 21 insertions(+)
 tests:  0|0
7f2c2af
Mon 26 Sep 2022 01:12:32 AM UTC: 
 treemap.c | 4 ++--
 1 file changed, 2 insertions(+), 2 deletions(-)
 tests:  0|0
dcd9d66
Mon 26 Sep 2022 01:13:00 AM UTC: 
 treemap.c | 35 +++++++++++++++++++----------------
 1 file changed, 19 insertions(+), 16 deletions(-)
 tests:  24|2
total_score: 45/70
9630785
Mon 26 Sep 2022 01:14:01 AM UTC: 
 treemap.c | 4 ++--
 1 file changed, 2 insertions(+), 2 deletions(-)
In file included from test.c:4:
treemap.c: In function ‘upperBound’:
treemap.c:95:7: error: ‘upBo_node’ undeclared (first use in this function); did you mean ‘ub_node’?
   95 |       upBo_node = tree->current->parent;
      |       ^~~~~~~~~
      |       ub_node
treemap.c:95:7: note: each undeclared identifier is reported only once for each function it appears in
treemap.c:84:14: error: unused variable ‘ub_node’ [-Werror=unused-variable]
   84 |   TreeNode * ub_node = NULL;
      |              ^~~~~~~
cc1: all warnings being treated as errors
Compilation failed
64a141a
Mon 26 Sep 2022 01:14:26 AM UTC: 
 treemap.c | 8 ++++----
 1 file changed, 4 insertions(+), 4 deletions(-)
 tests:  24|2
total_score: 45/70
f49146f
Mon 26 Sep 2022 01:22:40 AM UTC: 
 treemap.c | 16 ++++++++--------
 1 file changed, 8 insertions(+), 8 deletions(-)
In file included from test.c:4:
treemap.c: In function ‘upperBound’:
treemap.c:103:58: error: ‘ub_node’ undeclared (first use in this function); did you mean ‘node’?
  103 |     if(tree->lower_than(tree->current->pair->key,key) && ub_node) return ub_node->pair;
      |                                                          ^~~~~~~
      |                                                          node
treemap.c:103:58: note: each undeclared identifier is reported only once for each function it appears in
treemap.c:84:14: error: variable ‘node’ set but not used [-Werror=unused-but-set-variable]
   84 |   TreeNode * node = NULL;
      |              ^~~~
cc1: all warnings being treated as errors
Compilation failed
6685eef
